app/build/outputs/logs/manifest-merger-release-report.txt
-- Merging decision tree log ---
provider#android.support.v4.content.FileProvider
INJECTED from src\main\AndroidManifest.xml:204:9-212:20
	android:grantUriPermissions
		ADDED from src\main\AndroidManifest.xml:208:13-47
	android:authorities
		INJECTED from src\main\AndroidManifest.xml
		ADDED from src\main\AndroidManifest.xml:206:13-60
	android:exported
		ADDED from src\main\AndroidManifest.xml:207:13-37
	android:name
		ADDED from src\main\AndroidManifest.xml:205:13-67
manifest
ADDED from src\main\AndroidManifest.xml:2:1-468:12
INJECTED from src\main\AndroidManifest.xml:2:1-468:12
INJECTED from src\main\AndroidManifest.xml:2:1-468:12
INJECTED from src\main\AndroidManifest.xml:2:1-468:12
MERGED from [com.simplemobiletools:commons:4.7.10] AndroidManifest.xml:2:1-22:12
MERGED from [com.theartofdev.edmodo:android-image-cropper:2.7.0] AndroidManifest.xml:2:1-11:12
MERGED from [com.android.support:multidex:1.0.3] AndroidManifest.xml:17:1-22:12
MERGED from [it.sephiroth.android.exif:library:1.0.1] AndroidManifest.xml:1:123-7:12
MERGED from [pl.droidsonroids.gif:android-gif-drawable:1.2.15] AndroidManifest.xml:2:1-10:12
MERGED from [com.android.support.constraint:constraint-layout:1.1.3] AndroidManifest.xml:2:1-11:12
MERGED from [com.google.android.exoplayer:exoplayer-core:2.8.4] AndroidManifest.xml:17:1-26:12
MERGED from [com.google.vr:sdk-panowidget:1.150.0] AndroidManifest.xml:2:1-9:12
MERGED from [info.androidhive:imagefilters:1.0.7] AndroidManifest.xml:2:1-17:12
MERGED from [com.squareup.picasso:picasso:2.71828] AndroidManifest.xml:2:1-14:12
MERGED from [com.caverock:androidsvg-aar:1.3] AndroidManifest.xml:2:1-11:12
MERGED from [android.arch.persistence.room:runtime:1.1.1] AndroidManifest.xml:17:1-22:12
MERGED from [com.github.tibbi:subsampling-scale-image-view:v3.10.0-fork] AndroidManifest.xml:2:1-11:12
MERGED from [com.github.tibbi:PhotoView:2.1.4-fork] AndroidManifest.xml:2:1-11:12
MERGED from [com.android.support:design:27.1.1] AndroidManifest.xml:17:1-22:12
MERGED from [com.andrognito.patternlockview:patternlockview:1.0.0] AndroidManifest.xml:2:1-12:12
MERGED from [com.bignerdranch.android:recyclerview-multiselect:0.2] AndroidManifest.xml:2:1-11:12
MERGED from [com.android.support:appcompat-v7:27.1.1] AndroidManifest.xml:17:1-22:12
MERGED from [com.github.ajalt.reprint:core:3.2.1] AndroidManifest.xml:2:1-11:12
MERGED from [com.github.bumptech.glide:glide:4.8.0] AndroidManifest.xml:2:1-12:12
MERGED from [com.booking:rtlviewpager:1.0.1] AndroidManifest.xml:2:1-12:12
MERGED from [com.android.support:exifinterface:27.1.1] AndroidManifest.xml:17:1-22:12
MERGED from [android.arch.persistence:db-framework:1.1.1] AndroidManifest.xml:17:1-22:12
MERGED from [android.arch.persistence:db:1.1.1] AndroidManifest.xml:17:1-22:12
MERGED from [com.android.support:transition:27.1.1] AndroidManifest.xml:17:1-22:12
MERGED from [com.github.bumptech.glide:gifdecoder:4.8.0] AndroidManifest.xml:2:1-11:12
MERGED from [com.android.support:support-v4:27.1.1] AndroidManifest.xml:17:1-22:12
MERGED from [com.android.support:support-fragment:27.1.1] AndroidManifest.xml:17:1-22:12
MERGED from [com.android.support:animated-vector-drawable:27.1.1] AndroidManifest.xml:17:1-22:12
MERGED from [com.android.support:recyclerview-v7:27.1.1] AndroidManifest.xml:17:1-22:12
MERGED from [com.android.support:support-core-ui:27.1.1] AndroidManifest.xml:17:1-22:12
MERGED from [com.android.support:support-vector-drawable:27.1.1] AndroidManifest.xml:17:1-22:12
MERGED from [com.android.support:support-media-compat:27.1.1] AndroidManifest.xml:17:1-22:12
MERGED from [com.android.support:support-core-utils:27.1.1] AndroidManifest.xml:17:1-22:12
MERGED from [com.android.support:support-compat:27.1.1] AndroidManifest.xml:17:1-22:12
MERGED from [android.arch.lifecycle:livedata-core:1.1.0] AndroidManifest.xml:17:1-22:12
MERGED from [android.arch.core:runtime:1.1.1] AndroidManifest.xml:17:1-22:12
MERGED from [android.arch.lifecycle:runtime:1.1.0] AndroidManifest.xml:17:1-22:12
MERGED from [com.google.vr:sdk-commonwidget:1.150.0] AndroidManifest.xml:2:1-9:12
MERGED from [com.google.vr:sdk-common:1.150.0] AndroidManifest.xml:2:1-9:12
MERGED from [android.arch.lifecycle:viewmodel:1.1.0] AndroidManifest.xml:17:1-22:12
INJECTED from src\main\AndroidManifest.xml:2:1-468:12
INJECTED from src\main\AndroidManifest.xml:2:1-468:12
INJECTED from src\main\AndroidManifest.xml:2:1-468:12
	package
		ADDED from src\main\AndroidManifest.xml:5:5-44
		INJECTED from src\main\AndroidManifest.xml
		INJECTED from src\main\AndroidManifest.xml
	android:versionName
		INJECTED from src\main\AndroidManifest.xml
		ADDED from src\main\AndroidManifest.xml:2:1-468:12
		INJECTED from src\main\AndroidManifest.xml
	xmlns:tools
		ADDED from src\main\AndroidManifest.xml:4:5-51
	android:versionCode
		INJECTED from src\main\AndroidManifest.xml
		ADDED from src\main\AndroidManifest.xml:2:1-468:12
		INJECTED from src\main\AndroidManifest.xml
	xmlns:android
		ADDED from src\main\AndroidManifest.xml:3:5-63
	android:installLocation
		ADDED from src\main\AndroidManifest.xml:6:5-35
uses-permission#android.permission.WRITE_EXTERNAL_STORAGE
ADDED from src\main\AndroidManifest.xml:8:5-80
	android:name
		ADDED from src\main\AndroidManifest.xml:8:22-78
uses-permission#android.permission.SET_WALLPAPER
ADDED from src\main\AndroidManifest.xml:9:5-71
	android:name
		ADDED from src\main\AndroidManifest.xml:9:22-69
uses-permission#android.permission.ACCESS_NETWORK_STATE
ADDED from src\main\AndroidManifest.xml:10:5-12:30
REJECTED from [com.google.android.exoplayer:exoplayer-core:2.8.4] AndroidManifest.xml:24:5-79
	tools:node
		ADDED from src\main\AndroidManifest.xml:12:9-28
	android:name
		ADDED from src\main\AndroidManifest.xml:11:9-63
uses-sdk
ADDED from src\main\AndroidManifest.xml:13:5-14:95
INJECTED from src\main\AndroidManifest.xml:13:5-14:95
INJECTED from src\main\AndroidManifest.xml:13:5-14:95
MERGED from [com.simplemobiletools:commons:4.7.10] AndroidManifest.xml:7:5-9:41
MERGED from [com.simplemobiletools:commons:4.7.10] AndroidManifest.xml:7:5-9:41
MERGED from [com.theartofdev.edmodo:android-image-cropper:2.7.0] AndroidManifest.xml:7:5-9:41
MERGED from [com.theartofdev.edmodo:android-image-cropper:2.7.0] AndroidManifest.xml:7:5-9:41
MERGED from [com.android.support:multidex:1.0.3] AndroidManifest.xml:20:5-43
MERGED from [com.android.support:multidex:1.0.3] AndroidManifest.xml:20:5-43
MERGED from [it.sephiroth.android.exif:library:1.0.1] AndroidManifest.xml:2:5-72
MERGED from [it.sephiroth.android.exif:library:1.0.1] AndroidManifest.xml:2:5-72
MERGED from [pl.droidsonroids.gif:android-gif-drawable:1.2.15] AndroidManifest.xml:6:5-8:41
MERGED from [pl.droidsonroids.gif:android-gif-drawable:1.2.15] AndroidManifest.xml:6:5-8:41
MERGED from [com.android.support.constraint:constraint-layout:1.1.3] AndroidManifest.xml:5:5-7:41
MERGED from [com.android.support.constraint:constraint-layout:1.1.3] AndroidManifest.xml:5:5-7:41
MERGED from [com.google.android.exoplayer:exoplayer-core:2.8.4] AndroidManifest.xml:20:5-22:41
MERGED from [com.google.android.exoplayer:exoplayer-core:2.8.4] AndroidManifest.xml:20:5-22:41
MERGED from [com.google.vr:sdk-panowidget:1.150.0] AndroidManifest.xml:5:5-7:41
MERGED from [com.google.vr:sdk-panowidget:1.150.0] AndroidManifest.xml:5:5-7:41
MERGED from [info.androidhive:imagefilters:1.0.7] AndroidManifest.xml:7:5-9:41
MERGED from [info.androidhive:imagefilters:1.0.7] AndroidManifest.xml:7:5-9:41
MERGED from [com.squareup.picasso:picasso:2.71828] AndroidManifest.xml:5:5-44
MERGED from [com.squareup.picasso:picasso:2.71828] AndroidManifest.xml:5:5-44
MERGED from [com.caverock:androidsvg-aar:1.3] AndroidManifest.xml:7:5-9:41
MERGED from [com.caverock:androidsvg-aar:1.3] AndroidManifest.xml:7:5-9:41
MERGED from [android.arch.persistence.room:runtime:1.1.1] AndroidManifest.xml:20:5-44
MERGED from [android.arch.persistence.room:runtime:1.1.1] AndroidManifest.xml:20:5-44
MERGED from [com.github.tibbi:subsampling-scale-image-view:v3.10.0-fork] AndroidManifest.xml:7:5-9:41
MERGED from [com.github.tibbi:subsampling-scale-image-view:v3.10.0-fork] AndroidManifest.xml:7:5-9:41
MERGED from [com.github.tibbi:PhotoView:2.1.4-fork] AndroidManifest.xml:7:5-9:41
MERGED from [com.github.tibbi:PhotoView:2.1.4-fork] AndroidManifest.xml:7:5-9:41
MERGED from [com.android.support:design:27.1.1] AndroidManifest.xml:20:5-44
MERGED from [com.android.support:design:27.1.1] AndroidManifest.xml:20:5-44
MERGED from [com.andrognito.patternlockview:patternlockview:1.0.0] AndroidManifest.xml:8:5-10:41
MERGED from [com.andrognito.patternlockview:patternlockview:1.0.0] AndroidManifest.xml:8:5-10:41
MERGED from [com.bignerdranch.android:recyclerview-multiselect:0.2] AndroidManifest.xml:5:5-7:41
MERGED from [com.bignerdranch.android:recyclerview-multiselect:0.2] AndroidManifest.xml:5:5-7:41
MERGED from [com.android.support:appcompat-v7:27.1.1] AndroidManifest.xml:20:5-44
MERGED from [com.android.support:appcompat-v7:27.1.1] AndroidManifest.xml:20:5-44
MERGED from [com.github.ajalt.reprint:core:3.2.1] AndroidManifest.xml:7:5-44
MERGED from [com.github.ajalt.reprint:core:3.2.1] AndroidManifest.xml:7:5-44
MERGED from [com.github.bumptech.glide:glide:4.8.0] AndroidManifest.xml:6:5-8:41
MERGED from [com.github.bumptech.glide:glide:4.8.0] AndroidManifest.xml:6:5-8:41
MERGED from [com.booking:rtlviewpager:1.0.1] AndroidManifest.xml:8:5-10:41
MERGED from [com.booking:rtlviewpager:1.0.1] AndroidManifest.xml:8:5-10:41
MERGED from [com.android.support:exifinterface:27.1.1] AndroidManifest.xml:20:5-44
MERGED from [com.android.support:exifinterface:27.1.1] AndroidManifest.xml:20:5-44
MERGED from [android.arch.persistence:db-framework:1.1.1] AndroidManifest.xml:20:5-44
MERGED from [android.arch.persistence:db-framework:1.1.1] AndroidManifest.xml:20:5-44
MERGED from [android.arch.persistence:db:1.1.1] AndroidManifest.xml:20:5-44
MERGED from [android.arch.persistence:db:1.1.1] AndroidManifest.xml:20:5-44
MERGED from [com.android.support:transition:27.1.1] AndroidManifest.xml:20:5-44
MERGED from [com.android.support:transition:27.1.1] AndroidManifest.xml:20:5-44
MERGED from [com.github.bumptech.glide:gifdecoder:4.8.0] AndroidManifest.xml:5:5-7:41
MERGED from [com.github.bumptech.glide:gifdecoder:4.8.0] AndroidManifest.xml:5:5-7:41
MERGED from [com.android.support:support-v4:27.1.1] AndroidManifest.xml:20:5-44
MERGED from [com.android.support:support-v4:27.1.1] AndroidManifest.xml:20:5-44
MERGED from [com.android.support:support-fragment:27.1.1] AndroidManifest.xml:20:5-44
MERGED from [com.android.support:support-fragment:27.1.1] AndroidManifest.xml:20:5-44
MERGED from [com.android.support:animated-vector-drawable:27.1.1] AndroidManifest.xml:20:5-44
MERGED from [com.android.support:animated-vector-drawable:27.1.1] AndroidManifest.xml:20:5-44
MERGED from [com.android.support:recyclerview-v7:27.1.1] AndroidManifest.xml:20:5-44
MERGED from [com.android.support:recyclerview-v7:27.1.1] AndroidManifest.xml:20:5-44
MERGED from [com.android.support:support-core-ui:27.1.1] AndroidManifest.xml:20:5-44
MERGED from [com.android.support:support-core-ui:27.1.1] AndroidManifest.xml:20:5-44
MERGED from [com.android.support:support-vector-drawable:27.1.1] AndroidManifest.xml:20:5-44
MERGED from [com.android.support:support-vector-drawable:27.1.1] AndroidManifest.xml:20:5-44
MERGED from [com.android.support:support-media-compat:27.1.1] AndroidManifest.xml:20:5-44
MERGED from [com.android.support:support-media-compat:27.1.1] AndroidManifest.xml:20:5-44
MERGED from [com.android.support:support-core-utils:27.1.1] AndroidManifest.xml:20:5-44
MERGED from [com.android.support:support-core-utils:27.1.1] AndroidManifest.xml:20:5-44
MERGED from [com.android.support:support-compat:27.1.1] AndroidManifest.xml:20:5-44
MERGED from [com.android.support:support-compat:27.1.1] AndroidManifest.xml:20:5-44
MERGED from [android.arch.lifecycle:livedata-core:1.1.0] AndroidManifest.xml:20:5-44
MERGED from [android.arch.lifecycle:livedata-core:1.1.0] AndroidManifest.xml:20:5-44
MERGED from [android.arch.core:runtime:1.1.1] AndroidManifest.xml:20:5-44
MERGED from [android.arch.core:runtime:1.1.1] AndroidManifest.xml:20:5-44
MERGED from [android.arch.lifecycle:runtime:1.1.0] AndroidManifest.xml:20:5-44
MERGED from [android.arch.lifecycle:runtime:1.1.0] AndroidManifest.xml:20:5-44
MERGED from [com.google.vr:sdk-commonwidget:1.150.0] AndroidManifest.xml:5:5-7:41
MERGED from [com.google.vr:sdk-commonwidget:1.150.0] AndroidManifest.xml:5:5-7:41
MERGED from [com.google.vr:sdk-common:1.150.0] AndroidManifest.xml:5:5-7:41
MERGED from [com.google.vr:sdk-common:1.150.0] AndroidManifest.xml:5:5-7:41
MERGED from [android.arch.lifecycle:viewmodel:1.1.0] AndroidManifest.xml:20:5-44
MERGED from [android.arch.lifecycle:viewmodel:1.1.0] AndroidManifest.xml:20:5-44
INJECTED from src\main\AndroidManifest.xml:13:5-14:95
INJECTED from src\main\AndroidManifest.xml:13:5-14:95
	tools:overrideLibrary
		ADDED from src\main\AndroidManifest.xml:14:9-93
	android:targetSdkVersion
		INJECTED from src\main\AndroidManifest.xml
		ADDED from src\main\AndroidManifest.xml:13:5-14:95
		INJECTED from src\main\AndroidManifest.xml
	android:minSdkVersion
		INJECTED from src\main\AndroidManifest.xml
		ADDED from src\main\AndroidManifest.xml:13:5-14:95
		INJECTED from src\main\AndroidManifest.xml
application
ADDED from src\main\AndroidManifest.xml:16:5-467:19
MERGED from [com.simplemobiletools:commons:4.7.10] AndroidManifest.xml:11:5-20:19
MERGED from [com.simplemobiletools:commons:4.7.10] AndroidManifest.xml:11:5-20:19
MERGED from [it.sephiroth.android.exif:library:1.0.1] AndroidManifest.xml:4:2-5:16
MERGED from [it.sephiroth.android.exif:library:1.0.1] AndroidManifest.xml:4:2-5:16
MERGED from [com.android.support.constraint:constraint-layout:1.1.3] AndroidManifest.xml:9:5-20
MERGED from [com.android.support.constraint:constraint-layout:1.1.3] AndroidManifest.xml:9:5-20
MERGED from [info.androidhive:imagefilters:1.0.7] AndroidManifest.xml:11:5-15:19
MERGED from [info.androidhive:imagefilters:1.0.7] AndroidManifest.xml:11:5-15:19
MERGED from [com.squareup.picasso:picasso:2.71828] AndroidManifest.xml:7:5-12:19
MERGED from [com.squareup.picasso:picasso:2.71828] AndroidManifest.xml:7:5-12:19
MERGED from [com.bignerdranch.android:recyclerview-multiselect:0.2] AndroidManifest.xml:9:5-20
MERGED from [com.bignerdranch.android:recyclerview-multiselect:0.2] AndroidManifest.xml:9:5-20
MERGED from [com.github.bumptech.glide:glide:4.8.0] AndroidManifest.xml:10:5-20
MERGED from [com.github.bumptech.glide:glide:4.8.0] AndroidManifest.xml:10:5-20
MERGED from [com.github.bumptech.glide:gifdecoder:4.8.0] AndroidManifest.xml:9:5-20
MERGED from [com.github.bumptech.glide:gifdecoder:4.8.0] AndroidManifest.xml:9:5-20
	android:supportsRtl
		ADDED from src\main\AndroidManifest.xml:22:9-35
	android:label
		ADDED from src\main\AndroidManifest.xml:20:9-50
		REJECTED from [info.androidhive:imagefilters:1.0.7] AndroidManifest.xml:13:9-41
	android:roundIcon
		ADDED from src\main\AndroidManifest.xml:21:9-48
	android:icon
		ADDED from src\main\AndroidManifest.xml:19:9-43
	android:allowBackup
		ADDED from src\main\AndroidManifest.xml:18:9-35
	android:theme
		ADDED from src\main\AndroidManifest.xml:23:9-40
	tools:replace
		ADDED from src\main\AndroidManifest.xml:24:9-38
	android:name
		ADDED from src\main\AndroidManifest.xml:17:9-28
activity#com.simplemobiletools.gallery.activities.SplashActivity
ADDED from src\main\AndroidManifest.xml:26:9-28:49
	android:theme
		ADDED from src\main\AndroidManifest.xml:28:13-47
	android:name
		ADDED from src\main\AndroidManifest.xml:27:13-54
activity#com.simplemobiletools.gallery.activities.MainActivity
ADDED from src\main\AndroidManifest.xml:30:9-55:20
	android:resizeableActivity
		ADDED from src\main\AndroidManifest.xml:32:13-46
	android:name
		ADDED from src\main\AndroidManifest.xml:31:13-52
intent-filter#action:name:android.intent.action.PICK+category:name:android.intent.category.DEFAULT+data:mimeType:image/*+data:mimeType:video/*+data:mimeType:vnd.android.cursor.dir/image+data:mimeType:vnd.android.cursor.dir/video
ADDED from src\main\AndroidManifest.xml:34:13-42:29
action#android.intent.action.PICK
ADDED from src\main\AndroidManifest.xml:35:17-68
	android:name
		ADDED from src\main\AndroidManifest.xml:35:25-66
category#android.intent.category.DEFAULT
ADDED from src\main\AndroidManifest.xml:36:17-75
	android:name
		ADDED from src\main\AndroidManifest.xml:36:27-73
data
ADDED from src\main\AndroidManifest.xml:38:17-51
	android:scheme
		ADDED from src\main\AndroidManifest.xml:175:23-47
	android:mimeType
		ADDED from src\main\AndroidManifest.xml:38:23-49
intent-filter#action:name:android.intent.action.GET_CONTENT+category:name:android.intent.category.DEFAULT+category:name:android.intent.category.OPENABLE+data:mimeType:image/*+data:mimeType:video/*+data:mimeType:vnd.android.cursor.dir/image+data:mimeType:vnd.android.cursor.dir/video
ADDED from src\main\AndroidManifest.xml:44:13-54:29
action#android.intent.action.GET_CONTENT
ADDED from src\main\AndroidManifest.xml:45:17-75
	android:name
		ADDED from src\main\AndroidManifest.xml:45:25-73
category#android.intent.category.OPENABLE
ADDED from src\main\AndroidManifest.xml:47:17-76
	android:name
		ADDED from src\main\AndroidManifest.xml:47:27-74
activity#com.simplemobiletools.gallery.activities.MediaActivity
ADDED from src\main\AndroidManifest.xml:57:9-69:20
	android:parentActivityName
		ADDED from src\main\AndroidManifest.xml:59:13-66
	android:name
		ADDED from src\main\AndroidManifest.xml:58:13-53
meta-data#android.app.default_searchable
ADDED from src\main\AndroidManifest.xml:61:13-63:53
	android:resource
		ADDED from src\main\AndroidManifest.xml:63:17-51
	android:name
		ADDED from src\main\AndroidManifest.xml:62:17-62
intent-filter#action:name:android.intent.action.SEARCH
ADDED from src\main\AndroidManifest.xml:65:13-67:29
action#android.intent.action.SEARCH
ADDED from src\main\AndroidManifest.xml:66:17-70
	android:name
		ADDED from src\main\AndroidManifest.xml:66:25-68
activity#com.simplemobiletools.gallery.activities.ViewPagerActivity
ADDED from src\main\AndroidManifest.xml:71:9-85:20
	android:parentActivityName
		ADDED from src\main\AndroidManifest.xml:74:13-67
	android:configChanges
		ADDED from src\main\AndroidManifest.xml:73:13-74
	android:name
		ADDED from src\main\AndroidManifest.xml:72:13-57
intent-filter#action:name:com.android.camera.action.REVIEW+category:name:android.intent.category.BROWSABLE+category:name:android.intent.category.DEFAULT+data:mimeType:image/*+data:mimeType:video/*
ADDED from src\main\AndroidManifest.xml:76:13-84:29
action#com.android.camera.action.REVIEW
ADDED from src\main\AndroidManifest.xml:77:17-74
	android:name
		ADDED from src\main\AndroidManifest.xml:77:25-72
category#android.intent.category.BROWSABLE
ADDED from src\main\AndroidManifest.xml:79:17-77
	android:name
		ADDED from src\main\AndroidManifest.xml:79:27-75
activity#com.simplemobiletools.commons.activities.AboutActivity
ADDED from src\main\AndroidManifest.xml:87:9-90:68
	android:parentActivityName
		ADDED from src\main\AndroidManifest.xml:90:13-66
	android:label
		ADDED from src\main\AndroidManifest.xml:89:13-42
	android:name
		ADDED from src\main\AndroidManifest.xml:88:13-82
activity#com.simplemobiletools.commons.activities.LicenseActivity
ADDED from src\main\AndroidManifest.xml:92:9-95:98
	android:parentActivityName
		ADDED from src\main\AndroidManifest.xml:95:13-96
	android:label
		ADDED from src\main\AndroidManifest.xml:94:13-57
	android:name
		ADDED from src\main\AndroidManifest.xml:93:13-84
activity#com.simplemobiletools.commons.activities.CustomizationActivity
ADDED from src\main\AndroidManifest.xml:97:9-100:72
	android:parentActivityName
		ADDED from src\main\AndroidManifest.xml:100:13-70
	android:label
		ADDED from src\main\AndroidManifest.xml:99:13-53
	android:name
		ADDED from src\main\AndroidManifest.xml:98:13-90
activity#com.simplemobiletools.commons.activities.FAQActivity
ADDED from src\main\AndroidManifest.xml:102:9-105:98
	android:parentActivityName
		ADDED from src\main\AndroidManifest.xml:105:13-96
	android:label
		ADDED from src\main\AndroidManifest.xml:104:13-63
	android:name
		ADDED from src\main\AndroidManifest.xml:103:13-80
activity#com.simplemobiletools.gallery.activities.SettingsActivity
ADDED from src\main\AndroidManifest.xml:107:9-110:68
	android:parentActivityName
		ADDED from src\main\AndroidManifest.xml:110:13-66
	android:label
		ADDED from src\main\AndroidManifest.xml:109:13-45
	android:name
		ADDED from src\main\AndroidManifest.xml:108:13-56
activity#com.simplemobiletools.gallery.activities.PhotoVideoActivity
ADDED from src\main\AndroidManifest.xml:112:9-114:76
	android:configChanges
		ADDED from src\main\AndroidManifest.xml:114:13-74
	android:name
		ADDED from src\main\AndroidManifest.xml:113:13-58
activity#com.simplemobiletools.gallery.activities.PanoramaActivity
ADDED from src\main\AndroidManifest.xml:116:9-119:53
	android:configChanges
		ADDED from src\main\AndroidManifest.xml:118:13-74
	android:theme
		ADDED from src\main\AndroidManifest.xml:119:13-51
	android:name
		ADDED from src\main\AndroidManifest.xml:117:13-56
activity#com.simplemobiletools.gallery.activities.IncludedFoldersActivity
ADDED from src\main\AndroidManifest.xml:121:9-124:72
	android:parentActivityName
		ADDED from src\main\AndroidManifest.xml:124:13-70
	android:label
		ADDED from src\main\AndroidManifest.xml:123:13-52
	android:name
		ADDED from src\main\AndroidManifest.xml:122:13-63
activity#com.simplemobiletools.gallery.activities.ExcludedFoldersActivity
ADDED from src\main\AndroidManifest.xml:126:9-129:72
	android:parentActivityName
		ADDED from src\main\AndroidManifest.xml:129:13-70
	android:label
		ADDED from src\main\AndroidManifest.xml:128:13-53
	android:name
		ADDED from src\main\AndroidManifest.xml:127:13-63
activity#com.simplemobiletools.gallery.activities.HiddenFoldersActivity
ADDED from src\main\AndroidManifest.xml:131:9-134:72
	android:parentActivityName
		ADDED from src\main\AndroidManifest.xml:134:13-70
	android:label
		ADDED from src\main\AndroidManifest.xml:133:13-51
	android:name
		ADDED from src\main\AndroidManifest.xml:132:13-61
activity#com.simplemobiletools.gallery.activities.PhotoActivity
ADDED from src\main\AndroidManifest.xml:136:9-147:20
	android:configChanges
		ADDED from src\main\AndroidManifest.xml:138:13-74
	android:name
		ADDED from src\main\AndroidManifest.xml:137:13-53
intent-filter#action:name:android.intent.action.VIEW+category:name:android.intent.category.BROWSABLE+category:name:android.intent.category.DEFAULT+data:mimeType:image/*
ADDED from src\main\AndroidManifest.xml:139:13-146:29
	tools:ignore
		ADDED from src\main\AndroidManifest.xml:140:17-47
action#android.intent.action.VIEW
ADDED from src\main\AndroidManifest.xml:141:17-68
	android:name
		ADDED from src\main\AndroidManifest.xml:141:25-66
activity#com.simplemobiletools.gallery.activities.VideoActivity
ADDED from src\main\AndroidManifest.xml:149:9-159:20
	android:configChanges
		ADDED from src\main\AndroidManifest.xml:151:13-74
	android:name
		ADDED from src\main\AndroidManifest.xml:150:13-53
intent-filter#action:name:android.intent.action.VIEW+category:name:android.intent.category.BROWSABLE+category:name:android.intent.category.DEFAULT+data:mimeType:video/*
ADDED from src\main\AndroidManifest.xml:152:13-158:29
	android:scheme
		ADDED from src\main\AndroidManifest.xml:152:28-49
	tools:ignore
		ADDED from src\main\AndroidManifest.xml:153:17-47
activity#com.simplemobiletools.gallery.activities.EditActivity
ADDED from src\main\AndroidManifest.xml:161:9-183:20
	android:label
		ADDED from src\main\AndroidManifest.xml:163:13-43
	android:name
		ADDED from src\main\AndroidManifest.xml:162:13-52
intent-filter#action:name:android.intent.action.EDIT+category:name:android.intent.category.DEFAULT+data:mimeType:image/*
ADDED from src\main\AndroidManifest.xml:164:13-170:29
action#android.intent.action.EDIT
ADDED from src\main\AndroidManifest.xml:165:17-68
	android:name
		ADDED from src\main\AndroidManifest.xml:165:25-66
intent-filter#action:name:com.android.camera.action.CROP+category:name:android.intent.category.ALTERNATIVE+category:name:android.intent.category.DEFAULT+category:name:android.intent.category.SELECTED_ALTERNATIVE+data:mimeType:image/*+data:scheme:content+data:scheme:file
ADDED from src\main\AndroidManifest.xml:172:13-182:29
action#com.android.camera.action.CROP
ADDED from src\main\AndroidManifest.xml:173:17-72
	android:name
		ADDED from src\main\AndroidManifest.xml:173:25-70
category#android.intent.category.ALTERNATIVE
ADDED from src\main\AndroidManifest.xml:180:17-79
	android:name
		ADDED from src\main\AndroidManifest.xml:180:27-77
category#android.intent.category.SELECTED_ALTERNATIVE
ADDED from src\main\AndroidManifest.xml:181:17-88
	android:name
		ADDED from src\main\AndroidManifest.xml:181:27-86
activity#com.simplemobiletools.gallery.activities.SetWallpaperActivity
ADDED from src\main\AndroidManifest.xml:185:9-202:20
	android:label
		ADDED from src\main\AndroidManifest.xml:187:13-53
	android:name
		ADDED from src\main\AndroidManifest.xml:186:13-60
intent-filter#action:name:android.intent.action.ATTACH_DATA+category:name:android.intent.category.DEFAULT+data:mimeType:image/*
ADDED from src\main\AndroidManifest.xml:189:13-195:29
action#android.intent.action.ATTACH_DATA
ADDED from src\main\AndroidManifest.xml:190:17-75
	android:name
		ADDED from src\main\AndroidManifest.xml:190:25-73
intent-filter#action:name:android.intent.action.SET_WALLPAPER+category:name:android.intent.category.DEFAULT
ADDED from src\main\AndroidManifest.xml:197:13-201:29
action#android.intent.action.SET_WALLPAPER
ADDED from src\main\AndroidManifest.xml:198:17-77
	android:name
		ADDED from src\main\AndroidManifest.xml:198:25-75
receiver#com.simplemobiletools.gallery.receivers.RefreshMediaReceiver
ADDED from src\main\AndroidManifest.xml:214:9-220:20
	android:exported
		ADDED from src\main\AndroidManifest.xml:216:13-36
	android:name
		ADDED from src\main\AndroidManifest.xml:215:13-59
intent-filter#action:name:com.simplemobiletools.REFRESH_MEDIA
ADDED from src\main\AndroidManifest.xml:217:13-219:29
action#com.simplemobiletools.REFRESH_MEDIA
ADDED from src\main\AndroidManifest.xml:218:17-77
	android:name
		ADDED from src\main\AndroidManifest.xml:218:25-75
activity-alias#com.simplemobiletools.gallery.activities.SplashActivity.Red
ADDED from src\main\AndroidManifest.xml:222:9-233:26
	android:enabled
		ADDED from src\main\AndroidManifest.xml:224:13-36
	android:targetActivity
		ADDED from src\main\AndroidManifest.xml:227:13-64
	android:roundIcon
		ADDED from src\main\AndroidManifest.xml:226:13-56
	android:icon
		ADDED from src\main\AndroidManifest.xml:225:13-51
	android:name
		ADDED from src\main\AndroidManifest.xml:223:13-58
intent-filter#action:name:android.intent.action.MAIN+category:name:android.intent.category.LAUNCHER
ADDED from src\main\AndroidManifest.xml:229:13-232:29
action#android.intent.action.MAIN
ADDED from src\main\AndroidManifest.xml:230:17-68
	android:name
		ADDED from src\main\AndroidManifest.xml:230:25-66
category#android.intent.category.LAUNCHER
ADDED from src\main\AndroidManifest.xml:231:17-76
	android:name
		ADDED from src\main\AndroidManifest.xml:231:27-74
activity-alias#com.simplemobiletools.gallery.activities.SplashActivity.Pink
ADDED from src\main\AndroidManifest.xml:235:9-246:26
	android:enabled
		ADDED from src\main\AndroidManifest.xml:237:13-36
	android:targetActivity
		ADDED from src\main\AndroidManifest.xml:240:13-64
	android:roundIcon
		ADDED from src\main\AndroidManifest.xml:239:13-57
	android:icon
		ADDED from src\main\AndroidManifest.xml:238:13-52
	android:name
		ADDED from src\main\AndroidManifest.xml:236:13-59
activity-alias#com.simplemobiletools.gallery.activities.SplashActivity.Purple
ADDED from src\main\AndroidManifest.xml:248:9-259:26
	android:enabled
		ADDED from src\main\AndroidManifest.xml:250:13-36
	android:targetActivity
		ADDED from src\main\AndroidManifest.xml:253:13-64
	android:roundIcon
		ADDED from src\main\AndroidManifest.xml:252:13-59
	android:icon
		ADDED from src\main\AndroidManifest.xml:251:13-54
	android:name
		ADDED from src\main\AndroidManifest.xml:249:13-61
activity-alias#com.simplemobiletools.gallery.activities.SplashActivity.Deep_purple
ADDED from src\main\AndroidManifest.xml:261:9-272:26
	android:enabled
		ADDED from src\main\AndroidManifest.xml:263:13-36
	android:targetActivity
		ADDED from src\main\AndroidManifest.xml:266:13-64
	android:roundIcon
		ADDED from src\main\AndroidManifest.xml:265:13-64
	android:icon
		ADDED from src\main\AndroidManifest.xml:264:13-59
	android:name
		ADDED from src\main\AndroidManifest.xml:262:13-66
activity-alias#com.simplemobiletools.gallery.activities.SplashActivity.Indigo
ADDED from src\main\AndroidManifest.xml:274:9-285:26
	android:enabled
		ADDED from src\main\AndroidManifest.xml:276:13-36
	android:targetActivity
		ADDED from src\main\AndroidManifest.xml:279:13-64
	android:roundIcon
		ADDED from src\main\AndroidManifest.xml:278:13-59
	android:icon
		ADDED from src\main\AndroidManifest.xml:277:13-54
	android:name
		ADDED from src\main\AndroidManifest.xml:275:13-61
activity-alias#com.simplemobiletools.gallery.activities.SplashActivity.Blue
ADDED from src\main\AndroidManifest.xml:287:9-298:26
	android:enabled
		ADDED from src\main\AndroidManifest.xml:289:13-36
	android:targetActivity
		ADDED from src\main\AndroidManifest.xml:292:13-64
	android:roundIcon
		ADDED from src\main\AndroidManifest.xml:291:13-57
	android:icon
		ADDED from src\main\AndroidManifest.xml:290:13-52
	android:name
		ADDED from src\main\AndroidManifest.xml:288:13-59
activity-alias#com.simplemobiletools.gallery.activities.SplashActivity.Light_blue
ADDED from src\main\AndroidManifest.xml:300:9-311:26
	android:enabled
		ADDED from src\main\AndroidManifest.xml:302:13-36
	android:targetActivity
		ADDED from src\main\AndroidManifest.xml:305:13-64
	android:roundIcon